  Compiling CUDA source file kernel.cu...
  
  c:\Users\educ\documents\visual studio 2015\Projects\PK_wikiScraper\PK_wikiScraper>"C:\Program Files\NVIDIA GPU Computing Toolkit\CUDA\v8.0\bin\nvcc.exe" -gencode=arch=compute_20,code=\"sm_20,compute_20\" --use-local-env --cl-version 2015 -ccbin "C:\Program Files (x86)\Microsoft Visual Studio 14.0\VC\bin\x86_amd64"  -I"C:\Program Files\NVIDIA GPU Computing Toolkit\CUDA\v8.0\include" -I"C:\Program Files\NVIDIA GPU Computing Toolkit\CUDA\v8.0\include"     --keep-dir x64\Release -maxrregcount=0  --machine 64 --compile -cudart static     -DWIN32 -DWIN64 -DNDEBUG -D_CONSOLE -D_MBCS -Xcompiler "/EHsc /W3 /nologo /O2 /FS /Zi  /MD " -o x64\Release\kernel.cu.obj "c:\Users\educ\documents\visual studio 2015\Projects\PK_wikiScraper\PK_wikiScraper\kernel.cu" 
c:/Users/educ/documents/visual studio 2015/Projects/PK_wikiScraper/PK_wikiScraper/kernel.cu(167): warning : a __device__ variable "dev_bitmap" cannot be directly read in a host function
c:/Users/educ/documents/visual studio 2015/Projects/PK_wikiScraper/PK_wikiScraper/kernel.cu(172): warning : a __device__ variable "dev_buffer" cannot be directly read in a host function
c:/Users/educ/documents/visual studio 2015/Projects/PK_wikiScraper/PK_wikiScraper/kernel.cu(186): warning : a __device__ variable "dev_buffer" cannot be directly read in a host function
c:/Users/educ/documents/visual studio 2015/Projects/PK_wikiScraper/PK_wikiScraper/kernel.cu(186): warning : a __device__ variable "dev_bitmap" cannot be directly read in a host function
c:/Users/educ/documents/visual studio 2015/Projects/PK_wikiScraper/PK_wikiScraper/kernel.cu(191): warning : a __device__ variable "dev_bitmap" cannot be directly read in a host function
c:/Users/educ/documents/visual studio 2015/Projects/PK_wikiScraper/PK_wikiScraper/kernel.cu(217): warning : a __device__ variable "dev_buffer" cannot be directly read in a host function
c:/Users/educ/documents/visual studio 2015/Projects/PK_wikiScraper/PK_wikiScraper/kernel.cu(218): warning : a __device__ variable "dev_buffer" cannot be directly read in a host function
c:/Users/educ/documents/visual studio 2015/Projects/PK_wikiScraper/PK_wikiScraper/kernel.cu(220): warning : a __device__ variable "dev_bitmap" cannot be directly read in a host function
c:/Users/educ/documents/visual studio 2015/Projects/PK_wikiScraper/PK_wikiScraper/kernel.cu(221): warning : a __device__ variable "dev_bitmap" cannot be directly read in a host function
CUDACOMPILE : nvcc warning : The 'compute_20', 'sm_20', and 'sm_21' architectures are deprecated, and may be removed in a future release (Use -Wno-deprecated-gpu-targets to suppress warning).
  kernel.cu
c:/Users/educ/documents/visual studio 2015/Projects/PK_wikiScraper/PK_wikiScraper/kernel.cu(148): warning C4267: 'initializing': conversion from 'size_t' to 'int', possible loss of data
  timer.cpp
  Generating code
  All 2 functions were compiled because no usable IPDB/IOBJ from previous compilation was found.
  Finished generating code
  PK_wikiScraper.vcxproj -> c:\users\educ\documents\visual studio 2015\Projects\PK_wikiScraper\x64\Release\PK_wikiScraper.exe
  PK_wikiScraper.vcxproj -> c:\users\educ\documents\visual studio 2015\Projects\PK_wikiScraper\x64\Release\PK_wikiScraper.pdb (Full PDB)
  copy "C:\Program Files\NVIDIA GPU Computing Toolkit\CUDA\v8.0\bin\cudart*.dll" "c:\users\educ\documents\visual studio 2015\Projects\PK_wikiScraper\x64\Release\"
  C:\Program Files\NVIDIA GPU Computing Toolkit\CUDA\v8.0\bin\cudart32_80.dll
  C:\Program Files\NVIDIA GPU Computing Toolkit\CUDA\v8.0\bin\cudart64_80.dll
          2 file(s) copied.
