  Compiling CUDA source file kernel.cu...
  
  C:\Users\educ\Documents\Visual Studio 2015\Projects\GPUprojectsFolder\GPUprojectsFolder\pictureCuda1\pictureCuda1>"C:\Program Files\NVIDIA GPU Computing Toolkit\CUDA\v8.0\bin\nvcc.exe" -gencode=arch=compute_20,code=\"sm_20,compute_20\" --use-local-env --cl-version 2015 -ccbin "C:\Program Files (x86)\Microsoft Visual Studio 14.0\VC\bin\x86_amd64"  -I"C:\Program Files\NVIDIA GPU Computing Toolkit\CUDA\v8.0\include" -I"C:\Program Files\NVIDIA GPU Computing Toolkit\CUDA\v8.0\include"     --keep-dir x64\Release -maxrregcount=0  --machine 64 --compile -cudart static     -DWIN32 -DWIN64 -DNDEBUG -D_CONSOLE -D_MBCS -Xcompiler "/EHsc /W3 /nologo /O2 /FS /Zi  /MD " -o x64\Release\kernel.cu.obj "C:\Users\educ\Documents\Visual Studio 2015\Projects\GPUprojectsFolder\GPUprojectsFolder\pictureCuda1\pictureCuda1\kernel.cu" 
U:\opencv\build\include\opencv2/core/base.hpp(365): warning : function declared with "noreturn" does return
C:/Users/educ/Documents/Visual Studio 2015/Projects/GPUprojectsFolder/GPUprojectsFolder/pictureCuda1/pictureCuda1/kernel.cu(67): error : initializer not allowed for __shared__ variable
C:/Users/educ/Documents/Visual Studio 2015/Projects/GPUprojectsFolder/GPUprojectsFolder/pictureCuda1/pictureCuda1/kernel.cu(111): warning : variable "cpuThresholdNum" was declared but never referenced
C:/Users/educ/Documents/Visual Studio 2015/Projects/GPUprojectsFolder/GPUprojectsFolder/pictureCuda1/pictureCuda1/kernel.cu(112): warning : variable "gpuThresholdNum" was declared but never referenced
C:/Users/educ/Documents/Visual Studio 2015/Projects/GPUprojectsFolder/GPUprojectsFolder/pictureCuda1/pictureCuda1/kernel.cu(114): warning : variable "threshMAX" was declared but never referenced
C:/Users/educ/Documents/Visual Studio 2015/Projects/GPUprojectsFolder/GPUprojectsFolder/pictureCuda1/pictureCuda1/kernel.cu(258): warning : statement is unreachable
C:/Users/educ/Documents/Visual Studio 2015/Projects/GPUprojectsFolder/GPUprojectsFolder/pictureCuda1/pictureCuda1/kernel.cu(264): warning : statement is unreachable
C:/Users/educ/Documents/Visual Studio 2015/Projects/GPUprojectsFolder/GPUprojectsFolder/pictureCuda1/pictureCuda1/kernel.cu(270): warning : statement is unreachable
C:/Users/educ/Documents/Visual Studio 2015/Projects/GPUprojectsFolder/GPUprojectsFolder/pictureCuda1/pictureCuda1/kernel.cu(305): warning : statement is unreachable
C:/Users/educ/Documents/Visual Studio 2015/Projects/GPUprojectsFolder/GPUprojectsFolder/pictureCuda1/pictureCuda1/kernel.cu(239): warning : variable "copyTime" was declared but never referenced
C:/Users/educ/Documents/Visual Studio 2015/Projects/GPUprojectsFolder/GPUprojectsFolder/pictureCuda1/pictureCuda1/kernel.cu(442): warning : statement is unreachable
C:/Users/educ/Documents/Visual Studio 2015/Projects/GPUprojectsFolder/GPUprojectsFolder/pictureCuda1/pictureCuda1/kernel.cu(451): warning : statement is unreachable
C:/Users/educ/Documents/Visual Studio 2015/Projects/GPUprojectsFolder/GPUprojectsFolder/pictureCuda1/pictureCuda1/kernel.cu(457): warning : statement is unreachable
C:/Users/educ/Documents/Visual Studio 2015/Projects/GPUprojectsFolder/GPUprojectsFolder/pictureCuda1/pictureCuda1/kernel.cu(463): warning : statement is unreachable
C:/Users/educ/Documents/Visual Studio 2015/Projects/GPUprojectsFolder/GPUprojectsFolder/pictureCuda1/pictureCuda1/kernel.cu(471): warning : statement is unreachable
C:/Users/educ/Documents/Visual Studio 2015/Projects/GPUprojectsFolder/GPUprojectsFolder/pictureCuda1/pictureCuda1/kernel.cu(477): warning : statement is unreachable
C:/Users/educ/Documents/Visual Studio 2015/Projects/GPUprojectsFolder/GPUprojectsFolder/pictureCuda1/pictureCuda1/kernel.cu(507): warning : statement is unreachable
C:/Users/educ/Documents/Visual Studio 2015/Projects/GPUprojectsFolder/GPUprojectsFolder/pictureCuda1/pictureCuda1/kernel.cu(415): warning : variable "copyTime" was declared but never referenced
CUDACOMPILE : nvcc warning : The 'compute_20', 'sm_20', and 'sm_21' architectures are deprecated, and may be removed in a future release (Use -Wno-deprecated-gpu-targets to suppress warning).
  kernel.cu
C:\Program Files (x86)\MSBuild\Microsoft.Cpp\v4.0\V140\BuildCustomizations\CUDA 8.0.targets(687,9): error MSB3721: The command ""C:\Program Files\NVIDIA GPU Computing Toolkit\CUDA\v8.0\bin\nvcc.exe" -gencode=arch=compute_20,code=\"sm_20,compute_20\" --use-local-env --cl-version 2015 -ccbin "C:\Program Files (x86)\Microsoft Visual Studio 14.0\VC\bin\x86_amd64"  -I"C:\Program Files\NVIDIA GPU Computing Toolkit\CUDA\v8.0\include" -I"C:\Program Files\NVIDIA GPU Computing Toolkit\CUDA\v8.0\include"     --keep-dir x64\Release -maxrregcount=0  --machine 64 --compile -cudart static     -DWIN32 -DWIN64 -DNDEBUG -D_CONSOLE -D_MBCS -Xcompiler "/EHsc /W3 /nologo /O2 /FS /Zi  /MD " -o x64\Release\kernel.cu.obj "C:\Users\educ\Documents\Visual Studio 2015\Projects\GPUprojectsFolder\GPUprojectsFolder\pictureCuda1\pictureCuda1\kernel.cu"" exited with code 2.
