  Compiling CUDA source file kernel.cu...
  
  C:\Users\educ\Documents\Visual Studio 2015\Projects\GPUprojectsFolder\GPUprojectsFolder\pictureCuda1\pictureCuda1>"C:\Program Files\NVIDIA GPU Computing Toolkit\CUDA\v8.0\bin\nvcc.exe" -gencode=arch=compute_20,code=\"sm_20,compute_20\" --use-local-env --cl-version 2015 -ccbin "C:\Program Files (x86)\Microsoft Visual Studio 14.0\VC\bin\x86_amd64"  -I"C:\Program Files\NVIDIA GPU Computing Toolkit\CUDA\v8.0\include" -I"C:\Program Files\NVIDIA GPU Computing Toolkit\CUDA\v8.0\include"     --keep-dir x64\Release -maxrregcount=0  --machine 64 --compile -cudart static     -DWIN32 -DWIN64 -DNDEBUG -D_CONSOLE -D_MBCS -Xcompiler "/EHsc /W3 /nologo /O2 /FS /Zi  /MD " -o x64\Release\kernel.cu.obj "C:\Users\educ\Documents\Visual Studio 2015\Projects\GPUprojectsFolder\GPUprojectsFolder\pictureCuda1\pictureCuda1\kernel.cu" 
U:\opencv\build\include\opencv2/core/base.hpp(365): warning : function declared with "noreturn" does return
C:/Users/educ/Documents/Visual Studio 2015/Projects/GPUprojectsFolder/GPUprojectsFolder/pictureCuda1/pictureCuda1/kernel.cu(105): warning : variable "cpuThresholdNum" was declared but never referenced
C:/Users/educ/Documents/Visual Studio 2015/Projects/GPUprojectsFolder/GPUprojectsFolder/pictureCuda1/pictureCuda1/kernel.cu(106): warning : variable "gpuThresholdNum" was declared but never referenced
C:/Users/educ/Documents/Visual Studio 2015/Projects/GPUprojectsFolder/GPUprojectsFolder/pictureCuda1/pictureCuda1/kernel.cu(108): warning : variable "threshMAX" was declared but never referenced
C:/Users/educ/Documents/Visual Studio 2015/Projects/GPUprojectsFolder/GPUprojectsFolder/pictureCuda1/pictureCuda1/kernel.cu(251): warning : statement is unreachable
C:/Users/educ/Documents/Visual Studio 2015/Projects/GPUprojectsFolder/GPUprojectsFolder/pictureCuda1/pictureCuda1/kernel.cu(257): warning : statement is unreachable
C:/Users/educ/Documents/Visual Studio 2015/Projects/GPUprojectsFolder/GPUprojectsFolder/pictureCuda1/pictureCuda1/kernel.cu(263): warning : statement is unreachable
C:/Users/educ/Documents/Visual Studio 2015/Projects/GPUprojectsFolder/GPUprojectsFolder/pictureCuda1/pictureCuda1/kernel.cu(298): warning : statement is unreachable
C:/Users/educ/Documents/Visual Studio 2015/Projects/GPUprojectsFolder/GPUprojectsFolder/pictureCuda1/pictureCuda1/kernel.cu(232): warning : variable "copyTime" was declared but never referenced
C:/Users/educ/Documents/Visual Studio 2015/Projects/GPUprojectsFolder/GPUprojectsFolder/pictureCuda1/pictureCuda1/kernel.cu(339): warning : statement is unreachable
C:/Users/educ/Documents/Visual Studio 2015/Projects/GPUprojectsFolder/GPUprojectsFolder/pictureCuda1/pictureCuda1/kernel.cu(345): warning : statement is unreachable
C:/Users/educ/Documents/Visual Studio 2015/Projects/GPUprojectsFolder/GPUprojectsFolder/pictureCuda1/pictureCuda1/kernel.cu(351): warning : statement is unreachable
C:/Users/educ/Documents/Visual Studio 2015/Projects/GPUprojectsFolder/GPUprojectsFolder/pictureCuda1/pictureCuda1/kernel.cu(357): warning : statement is unreachable
C:/Users/educ/Documents/Visual Studio 2015/Projects/GPUprojectsFolder/GPUprojectsFolder/pictureCuda1/pictureCuda1/kernel.cu(363): warning : statement is unreachable
C:/Users/educ/Documents/Visual Studio 2015/Projects/GPUprojectsFolder/GPUprojectsFolder/pictureCuda1/pictureCuda1/kernel.cu(369): warning : statement is unreachable
C:/Users/educ/Documents/Visual Studio 2015/Projects/GPUprojectsFolder/GPUprojectsFolder/pictureCuda1/pictureCuda1/kernel.cu(400): warning : statement is unreachable
C:/Users/educ/Documents/Visual Studio 2015/Projects/GPUprojectsFolder/GPUprojectsFolder/pictureCuda1/pictureCuda1/kernel.cu(314): warning : variable "copyTime" was declared but never referenced
U:\opencv\build\include\opencv2/core/base.hpp(365): warning : function declared with "noreturn" does return
C:/Users/educ/Documents/Visual Studio 2015/Projects/GPUprojectsFolder/GPUprojectsFolder/pictureCuda1/pictureCuda1/kernel.cu(105): warning : variable "cpuThresholdNum" was declared but never referenced
C:/Users/educ/Documents/Visual Studio 2015/Projects/GPUprojectsFolder/GPUprojectsFolder/pictureCuda1/pictureCuda1/kernel.cu(106): warning : variable "gpuThresholdNum" was declared but never referenced
C:/Users/educ/Documents/Visual Studio 2015/Projects/GPUprojectsFolder/GPUprojectsFolder/pictureCuda1/pictureCuda1/kernel.cu(108): warning : variable "threshMAX" was declared but never referenced
C:/Users/educ/Documents/Visual Studio 2015/Projects/GPUprojectsFolder/GPUprojectsFolder/pictureCuda1/pictureCuda1/kernel.cu(251): warning : statement is unreachable
C:/Users/educ/Documents/Visual Studio 2015/Projects/GPUprojectsFolder/GPUprojectsFolder/pictureCuda1/pictureCuda1/kernel.cu(257): warning : statement is unreachable
C:/Users/educ/Documents/Visual Studio 2015/Projects/GPUprojectsFolder/GPUprojectsFolder/pictureCuda1/pictureCuda1/kernel.cu(263): warning : statement is unreachable
C:/Users/educ/Documents/Visual Studio 2015/Projects/GPUprojectsFolder/GPUprojectsFolder/pictureCuda1/pictureCuda1/kernel.cu(298): warning : statement is unreachable
C:/Users/educ/Documents/Visual Studio 2015/Projects/GPUprojectsFolder/GPUprojectsFolder/pictureCuda1/pictureCuda1/kernel.cu(232): warning : variable "copyTime" was declared but never referenced
C:/Users/educ/Documents/Visual Studio 2015/Projects/GPUprojectsFolder/GPUprojectsFolder/pictureCuda1/pictureCuda1/kernel.cu(339): warning : statement is unreachable
C:/Users/educ/Documents/Visual Studio 2015/Projects/GPUprojectsFolder/GPUprojectsFolder/pictureCuda1/pictureCuda1/kernel.cu(345): warning : statement is unreachable
C:/Users/educ/Documents/Visual Studio 2015/Projects/GPUprojectsFolder/GPUprojectsFolder/pictureCuda1/pictureCuda1/kernel.cu(351): warning : statement is unreachable
C:/Users/educ/Documents/Visual Studio 2015/Projects/GPUprojectsFolder/GPUprojectsFolder/pictureCuda1/pictureCuda1/kernel.cu(357): warning : statement is unreachable
C:/Users/educ/Documents/Visual Studio 2015/Projects/GPUprojectsFolder/GPUprojectsFolder/pictureCuda1/pictureCuda1/kernel.cu(363): warning : statement is unreachable
C:/Users/educ/Documents/Visual Studio 2015/Projects/GPUprojectsFolder/GPUprojectsFolder/pictureCuda1/pictureCuda1/kernel.cu(369): warning : statement is unreachable
C:/Users/educ/Documents/Visual Studio 2015/Projects/GPUprojectsFolder/GPUprojectsFolder/pictureCuda1/pictureCuda1/kernel.cu(400): warning : statement is unreachable
C:/Users/educ/Documents/Visual Studio 2015/Projects/GPUprojectsFolder/GPUprojectsFolder/pictureCuda1/pictureCuda1/kernel.cu(314): warning : variable "copyTime" was declared but never referenced
CUDACOMPILE : nvcc warning : The 'compute_20', 'sm_20', and 'sm_21' architectures are deprecated, and may be removed in a future release (Use -Wno-deprecated-gpu-targets to suppress warning).
  kernel.cu
  Generating code
  0 of 2 functions ( 0.0%) were compiled, the rest were copied from previous compilation.
    0 functions were new in current compilation
    0 functions had inline decision re-evaluated but remain unchanged
  Finished generating code
  pictureCuda1.vcxproj -> C:\Users\educ\Documents\Visual Studio 2015\Projects\GPUprojectsFolder\GPUprojectsFolder\pictureCuda1\x64\Release\pictureCuda1.exe
  pictureCuda1.vcxproj -> C:\Users\educ\Documents\Visual Studio 2015\Projects\GPUprojectsFolder\GPUprojectsFolder\pictureCuda1\x64\Release\pictureCuda1.pdb (Full PDB)
  copy "C:\Program Files\NVIDIA GPU Computing Toolkit\CUDA\v8.0\bin\cudart*.dll" "C:\Users\educ\Documents\Visual Studio 2015\Projects\GPUprojectsFolder\GPUprojectsFolder\pictureCuda1\x64\Release\"
  C:\Program Files\NVIDIA GPU Computing Toolkit\CUDA\v8.0\bin\cudart32_80.dll
  C:\Program Files\NVIDIA GPU Computing Toolkit\CUDA\v8.0\bin\cudart64_80.dll
          2 file(s) copied.
